<?xml version="1.0" encoding="UTF-8"?>
<testng-results ignored="0" total="1" passed="1" failed="0" skipped="0">
  <reporter-output>
  </reporter-output>
  <suite started-at="2026-01-01T19:39:10 IST" name="Default suite" finished-at="2026-01-01T19:39:27 IST" duration-ms="17182">
    <groups>
      <group name="sanity">
        <method signature="LoginTest.loginTest()[pri:0, instance:com.ui.tests.LoginTest@cd3fee8]" name="loginTest" class="com.ui.tests.LoginTest"/>
      </group> <!-- sanity -->
      <group name="e2e">
        <method signature="LoginTest.loginTest()[pri:0, instance:com.ui.tests.LoginTest@cd3fee8]" name="loginTest" class="com.ui.tests.LoginTest"/>
      </group> <!-- e2e -->
    </groups>
    <test started-at="2026-01-01T19:39:10 IST" name="Default test" finished-at="2026-01-01T19:39:27 IST" duration-ms="17182">
      <class name="com.ui.tests.LoginTest">
        <test-method is-config="true" signature="setup()[pri:0, instance:com.ui.tests.LoginTest@cd3fee8]" started-at="2026-01-01T19:39:10 IST" name="setup" description="Load the Homepage of the website" finished-at="2026-01-01T19:39:23 IST" duration-ms="12584" status="PASS">
          <reporter-output>
          </reporter-output>
        </test-method> <!-- setup -->
        <test-method signature="loginTest()[pri:0, instance:com.ui.tests.LoginTest@cd3fee8]" started-at="2026-01-01T19:39:23 IST" name="loginTest" description="verifies with valid login user is able to login into application" finished-at="2026-01-01T19:39:27 IST" duration-ms="4582" status="PASS">
          <reporter-output>
          </reporter-output>
        </test-method> <!-- loginTest -->
      </class> <!-- com.ui.tests.LoginTest -->
    </test> <!-- Default test -->
  </suite> <!-- Default suite -->
</testng-results>
